2026-06-15 19:58:18,027 INFO request_start id=48a7a34b4ab0 method=GET path=/docs
2026-06-15 19:58:18,027 INFO request_end id=48a7a34b4ab0 method=GET path=/docs status=200
2026-06-15 19:58:18,510 INFO request_start id=7607fa37a76d method=GET path=/openapi.json
2026-06-15 19:58:18,515 INFO request_end id=7607fa37a76d method=GET path=/openapi.json status=200
2026-06-15 19:59:02,610 INFO request_start id=a039a9adc71c method=POST path=/event-posts/from-zip
2026-06-15 19:59:02,613 ERROR request_crashed id=a039a9adc71c method=POST path=/event-posts/from-zip
Traceback (most recent call last):
  File "/usr/lib/python3.12/json/decoder.py", line 353, in raw_decode
    obj, end = self.scan_once(s, idx)
               ^^^^^^^^^^^^^^^^^^^^^^
StopIteration: 0

The above exception was the direct cause of the following exception:

Traceback (most recent call last):
  File "/home/ogier-derouineau/IT projects/whatsapp_to_Wordpess_post/api_event_import.py", line 49, in log_requests
    response = await call_next(request)
               ^^^^^^^^^^^^^^^^^^^^^^^^
  File "/home/ogier-derouineau/IT projects/whatsapp_to_Wordpess_post/myenv/lib/python3.12/site-packages/starlette/middleware/base.py", line 168, in call_next
    raise app_exc from app_exc.__cause__ or app_exc.__context__
  File "/home/ogier-derouineau/IT projects/whatsapp_to_Wordpess_post/myenv/lib/python3.12/site-packages/starlette/middleware/base.py", line 144, in coro
    await self.app(scope, receive_or_disconnect, send_no_error)
  File "/home/ogier-derouineau/IT projects/whatsapp_to_Wordpess_post/myenv/lib/python3.12/site-packages/starlette/middleware/exceptions.py", line 63, in __call__
    await wrap_app_handling_exceptions(self.app, conn)(scope, receive, send)
  File "/home/ogier-derouineau/IT projects/whatsapp_to_Wordpess_post/myenv/lib/python3.12/site-packages/starlette/_exception_handler.py", line 53, in wrapped_app
    raise exc
  File "/home/ogier-derouineau/IT projects/whatsapp_to_Wordpess_post/myenv/lib/python3.12/site-packages/starlette/_exception_handler.py", line 42, in wrapped_app
    await app(scope, receive, sender)
  File "/home/ogier-derouineau/IT projects/whatsapp_to_Wordpess_post/myenv/lib/python3.12/site-packages/fastapi/middleware/asyncexitstack.py", line 18, in __call__
    await self.app(scope, receive, send)
  File "/home/ogier-derouineau/IT projects/whatsapp_to_Wordpess_post/myenv/lib/python3.12/site-packages/starlette/routing.py", line 660, in __call__
    await self.middleware_stack(scope, receive, send)
  File "/home/ogier-derouineau/IT projects/whatsapp_to_Wordpess_post/myenv/lib/python3.12/site-packages/starlette/routing.py", line 680, in app
    await route.handle(scope, receive, send)
  File "/home/ogier-derouineau/IT projects/whatsapp_to_Wordpess_post/myenv/lib/python3.12/site-packages/fastapi/routing.py", line 1220, in handle
    await super().handle(scope, receive, send)
  File "/home/ogier-derouineau/IT projects/whatsapp_to_Wordpess_post/myenv/lib/python3.12/site-packages/starlette/routing.py", line 276, in handle
    await self.app(scope, receive, send)
  File "/home/ogier-derouineau/IT projects/whatsapp_to_Wordpess_post/myenv/lib/python3.12/site-packages/fastapi/routing.py", line 143, in app
    await wrap_app_handling_exceptions(app, request)(scope, receive, send)
  File "/home/ogier-derouineau/IT projects/whatsapp_to_Wordpess_post/myenv/lib/python3.12/site-packages/starlette/_exception_handler.py", line 53, in wrapped_app
    raise exc
  File "/home/ogier-derouineau/IT projects/whatsapp_to_Wordpess_post/myenv/lib/python3.12/site-packages/starlette/_exception_handler.py", line 42, in wrapped_app
    await app(scope, receive, sender)
  File "/home/ogier-derouineau/IT projects/whatsapp_to_Wordpess_post/myenv/lib/python3.12/site-packages/fastapi/routing.py", line 129, in app
    response = await f(request)
               ^^^^^^^^^^^^^^^^
  File "/home/ogier-derouineau/IT projects/whatsapp_to_Wordpess_post/myenv/lib/python3.12/site-packages/fastapi/routing.py", line 683, in app
    raw_response = await run_endpoint_function(
                   ^^^^^^^^^^^^^^^^^^^^^^^^^^^^
  File "/home/ogier-derouineau/IT projects/whatsapp_to_Wordpess_post/myenv/lib/python3.12/site-packages/fastapi/routing.py", line 337, in run_endpoint_function
    return await dependant.call(**values)
           ^^^^^^^^^^^^^^^^^^^^^^^^^^^^^^
  File "/home/ogier-derouineau/IT projects/whatsapp_to_Wordpess_post/api_event_import.py", line 212, in import_event_post_from_zip
    body = await request.json()
           ^^^^^^^^^^^^^^^^^^^^
  File "/home/ogier-derouineau/IT projects/whatsapp_to_Wordpess_post/myenv/lib/python3.12/site-packages/starlette/requests.py", line 265, in json
    self._json = json.loads(body)
                 ^^^^^^^^^^^^^^^^
  File "/usr/lib/python3.12/json/__init__.py", line 346, in loads
    return _default_decoder.decode(s)
           ^^^^^^^^^^^^^^^^^^^^^^^^^^
  File "/usr/lib/python3.12/json/decoder.py", line 337, in decode
    obj, end = self.raw_decode(s, idx=_w(s, 0).end())
               ^^^^^^^^^^^^^^^^^^^^^^^^^^^^^^^^^^^^^^
  File "/usr/lib/python3.12/json/decoder.py", line 355, in raw_decode
    raise JSONDecodeError("Expecting value", s, err.value) from None
json.decoder.JSONDecodeError: Expecting value: line 1 column 1 (char 0)
2026-06-15 19:59:02,619 ERROR unhandled_exception id=0b55152fcd3e method=POST path=/event-posts/from-zip error=Expecting value: line 1 column 1 (char 0)
Traceback (most recent call last):
  File "/usr/lib/python3.12/json/decoder.py", line 353, in raw_decode
    obj, end = self.scan_once(s, idx)
               ^^^^^^^^^^^^^^^^^^^^^^
StopIteration: 0

The above exception was the direct cause of the following exception:

Traceback (most recent call last):
  File "/home/ogier-derouineau/IT projects/whatsapp_to_Wordpess_post/myenv/lib/python3.12/site-packages/starlette/middleware/errors.py", line 164, in __call__
    await self.app(scope, receive, _send)
  File "/home/ogier-derouineau/IT projects/whatsapp_to_Wordpess_post/myenv/lib/python3.12/site-packages/starlette/middleware/base.py", line 193, in __call__
    response = await self.dispatch_func(request, call_next)
               ^^^^^^^^^^^^^^^^^^^^^^^^^^^^^^^^^^^^^^^^^^^^
  File "/home/ogier-derouineau/IT projects/whatsapp_to_Wordpess_post/api_event_import.py", line 49, in log_requests
    response = await call_next(request)
               ^^^^^^^^^^^^^^^^^^^^^^^^
  File "/home/ogier-derouineau/IT projects/whatsapp_to_Wordpess_post/myenv/lib/python3.12/site-packages/starlette/middleware/base.py", line 168, in call_next
    raise app_exc from app_exc.__cause__ or app_exc.__context__
  File "/home/ogier-derouineau/IT projects/whatsapp_to_Wordpess_post/myenv/lib/python3.12/site-packages/starlette/middleware/base.py", line 144, in coro
    await self.app(scope, receive_or_disconnect, send_no_error)
  File "/home/ogier-derouineau/IT projects/whatsapp_to_Wordpess_post/myenv/lib/python3.12/site-packages/starlette/middleware/exceptions.py", line 63, in __call__
    await wrap_app_handling_exceptions(self.app, conn)(scope, receive, send)
  File "/home/ogier-derouineau/IT projects/whatsapp_to_Wordpess_post/myenv/lib/python3.12/site-packages/starlette/_exception_handler.py", line 53, in wrapped_app
    raise exc
  File "/home/ogier-derouineau/IT projects/whatsapp_to_Wordpess_post/myenv/lib/python3.12/site-packages/starlette/_exception_handler.py", line 42, in wrapped_app
    await app(scope, receive, sender)
  File "/home/ogier-derouineau/IT projects/whatsapp_to_Wordpess_post/myenv/lib/python3.12/site-packages/fastapi/middleware/asyncexitstack.py", line 18, in __call__
    await self.app(scope, receive, send)
  File "/home/ogier-derouineau/IT projects/whatsapp_to_Wordpess_post/myenv/lib/python3.12/site-packages/starlette/routing.py", line 660, in __call__
    await self.middleware_stack(scope, receive, send)
  File "/home/ogier-derouineau/IT projects/whatsapp_to_Wordpess_post/myenv/lib/python3.12/site-packages/starlette/routing.py", line 680, in app
    await route.handle(scope, receive, send)
  File "/home/ogier-derouineau/IT projects/whatsapp_to_Wordpess_post/myenv/lib/python3.12/site-packages/fastapi/routing.py", line 1220, in handle
    await super().handle(scope, receive, send)
  File "/home/ogier-derouineau/IT projects/whatsapp_to_Wordpess_post/myenv/lib/python3.12/site-packages/starlette/routing.py", line 276, in handle
    await self.app(scope, receive, send)
  File "/home/ogier-derouineau/IT projects/whatsapp_to_Wordpess_post/myenv/lib/python3.12/site-packages/fastapi/routing.py", line 143, in app
    await wrap_app_handling_exceptions(app, request)(scope, receive, send)
  File "/home/ogier-derouineau/IT projects/whatsapp_to_Wordpess_post/myenv/lib/python3.12/site-packages/starlette/_exception_handler.py", line 53, in wrapped_app
    raise exc
  File "/home/ogier-derouineau/IT projects/whatsapp_to_Wordpess_post/myenv/lib/python3.12/site-packages/starlette/_exception_handler.py", line 42, in wrapped_app
    await app(scope, receive, sender)
  File "/home/ogier-derouineau/IT projects/whatsapp_to_Wordpess_post/myenv/lib/python3.12/site-packages/fastapi/routing.py", line 129, in app
    response = await f(request)
               ^^^^^^^^^^^^^^^^
  File "/home/ogier-derouineau/IT projects/whatsapp_to_Wordpess_post/myenv/lib/python3.12/site-packages/fastapi/routing.py", line 683, in app
    raw_response = await run_endpoint_function(
                   ^^^^^^^^^^^^^^^^^^^^^^^^^^^^
  File "/home/ogier-derouineau/IT projects/whatsapp_to_Wordpess_post/myenv/lib/python3.12/site-packages/fastapi/routing.py", line 337, in run_endpoint_function
    return await dependant.call(**values)
           ^^^^^^^^^^^^^^^^^^^^^^^^^^^^^^
  File "/home/ogier-derouineau/IT projects/whatsapp_to_Wordpess_post/api_event_import.py", line 212, in import_event_post_from_zip
    body = await request.json()
           ^^^^^^^^^^^^^^^^^^^^
  File "/home/ogier-derouineau/IT projects/whatsapp_to_Wordpess_post/myenv/lib/python3.12/site-packages/starlette/requests.py", line 265, in json
    self._json = json.loads(body)
                 ^^^^^^^^^^^^^^^^
  File "/usr/lib/python3.12/json/__init__.py", line 346, in loads
    return _default_decoder.decode(s)
           ^^^^^^^^^^^^^^^^^^^^^^^^^^
  File "/usr/lib/python3.12/json/decoder.py", line 337, in decode
    obj, end = self.raw_decode(s, idx=_w(s, 0).end())
               ^^^^^^^^^^^^^^^^^^^^^^^^^^^^^^^^^^^^^^
  File "/usr/lib/python3.12/json/decoder.py", line 355, in raw_decode
    raise JSONDecodeError("Expecting value", s, err.value) from None
json.decoder.JSONDecodeError: Expecting value: line 1 column 1 (char 0)

2026-06-15 19:59:04,902 INFO request_start id=4211365d5450 method=POST path=/event-posts/from-zip
2026-06-15 19:59:04,903 ERROR request_crashed id=4211365d5450 method=POST path=/event-posts/from-zip
Traceback (most recent call last):
  File "/usr/lib/python3.12/json/decoder.py", line 353, in raw_decode
    obj, end = self.scan_once(s, idx)
               ^^^^^^^^^^^^^^^^^^^^^^
StopIteration: 0

The above exception was the direct cause of the following exception:

Traceback (most recent call last):
  File "/home/ogier-derouineau/IT projects/whatsapp_to_Wordpess_post/api_event_import.py", line 49, in log_requests
    response = await call_next(request)
               ^^^^^^^^^^^^^^^^^^^^^^^^
  File "/home/ogier-derouineau/IT projects/whatsapp_to_Wordpess_post/myenv/lib/python3.12/site-packages/starlette/middleware/base.py", line 168, in call_next
    raise app_exc from app_exc.__cause__ or app_exc.__context__
  File "/home/ogier-derouineau/IT projects/whatsapp_to_Wordpess_post/myenv/lib/python3.12/site-packages/starlette/middleware/base.py", line 144, in coro
    await self.app(scope, receive_or_disconnect, send_no_error)
  File "/home/ogier-derouineau/IT projects/whatsapp_to_Wordpess_post/myenv/lib/python3.12/site-packages/starlette/middleware/exceptions.py", line 63, in __call__
    await wrap_app_handling_exceptions(self.app, conn)(scope, receive, send)
  File "/home/ogier-derouineau/IT projects/whatsapp_to_Wordpess_post/myenv/lib/python3.12/site-packages/starlette/_exception_handler.py", line 53, in wrapped_app
    raise exc
  File "/home/ogier-derouineau/IT projects/whatsapp_to_Wordpess_post/myenv/lib/python3.12/site-packages/starlette/_exception_handler.py", line 42, in wrapped_app
    await app(scope, receive, sender)
  File "/home/ogier-derouineau/IT projects/whatsapp_to_Wordpess_post/myenv/lib/python3.12/site-packages/fastapi/middleware/asyncexitstack.py", line 18, in __call__
    await self.app(scope, receive, send)
  File "/home/ogier-derouineau/IT projects/whatsapp_to_Wordpess_post/myenv/lib/python3.12/site-packages/starlette/routing.py", line 660, in __call__
    await self.middleware_stack(scope, receive, send)
  File "/home/ogier-derouineau/IT projects/whatsapp_to_Wordpess_post/myenv/lib/python3.12/site-packages/starlette/routing.py", line 680, in app
    await route.handle(scope, receive, send)
  File "/home/ogier-derouineau/IT projects/whatsapp_to_Wordpess_post/myenv/lib/python3.12/site-packages/fastapi/routing.py", line 1220, in handle
    await super().handle(scope, receive, send)
  File "/home/ogier-derouineau/IT projects/whatsapp_to_Wordpess_post/myenv/lib/python3.12/site-packages/starlette/routing.py", line 276, in handle
    await self.app(scope, receive, send)
  File "/home/ogier-derouineau/IT projects/whatsapp_to_Wordpess_post/myenv/lib/python3.12/site-packages/fastapi/routing.py", line 143, in app
    await wrap_app_handling_exceptions(app, request)(scope, receive, send)
  File "/home/ogier-derouineau/IT projects/whatsapp_to_Wordpess_post/myenv/lib/python3.12/site-packages/starlette/_exception_handler.py", line 53, in wrapped_app
    raise exc
  File "/home/ogier-derouineau/IT projects/whatsapp_to_Wordpess_post/myenv/lib/python3.12/site-packages/starlette/_exception_handler.py", line 42, in wrapped_app
    await app(scope, receive, sender)
  File "/home/ogier-derouineau/IT projects/whatsapp_to_Wordpess_post/myenv/lib/python3.12/site-packages/fastapi/routing.py", line 129, in app
    response = await f(request)
               ^^^^^^^^^^^^^^^^
  File "/home/ogier-derouineau/IT projects/whatsapp_to_Wordpess_post/myenv/lib/python3.12/site-packages/fastapi/routing.py", line 683, in app
    raw_response = await run_endpoint_function(
                   ^^^^^^^^^^^^^^^^^^^^^^^^^^^^
  File "/home/ogier-derouineau/IT projects/whatsapp_to_Wordpess_post/myenv/lib/python3.12/site-packages/fastapi/routing.py", line 337, in run_endpoint_function
    return await dependant.call(**values)
           ^^^^^^^^^^^^^^^^^^^^^^^^^^^^^^
  File "/home/ogier-derouineau/IT projects/whatsapp_to_Wordpess_post/api_event_import.py", line 212, in import_event_post_from_zip
    body = await request.json()
           ^^^^^^^^^^^^^^^^^^^^
  File "/home/ogier-derouineau/IT projects/whatsapp_to_Wordpess_post/myenv/lib/python3.12/site-packages/starlette/requests.py", line 265, in json
    self._json = json.loads(body)
                 ^^^^^^^^^^^^^^^^
  File "/usr/lib/python3.12/json/__init__.py", line 346, in loads
    return _default_decoder.decode(s)
           ^^^^^^^^^^^^^^^^^^^^^^^^^^
  File "/usr/lib/python3.12/json/decoder.py", line 337, in decode
    obj, end = self.raw_decode(s, idx=_w(s, 0).end())
               ^^^^^^^^^^^^^^^^^^^^^^^^^^^^^^^^^^^^^^
  File "/usr/lib/python3.12/json/decoder.py", line 355, in raw_decode
    raise JSONDecodeError("Expecting value", s, err.value) from None
json.decoder.JSONDecodeError: Expecting value: line 1 column 1 (char 0)
2026-06-15 19:59:04,905 ERROR unhandled_exception id=680507d25375 method=POST path=/event-posts/from-zip error=Expecting value: line 1 column 1 (char 0)
Traceback (most recent call last):
  File "/usr/lib/python3.12/json/decoder.py", line 353, in raw_decode
    obj, end = self.scan_once(s, idx)
               ^^^^^^^^^^^^^^^^^^^^^^
StopIteration: 0

The above exception was the direct cause of the following exception:

Traceback (most recent call last):
  File "/home/ogier-derouineau/IT projects/whatsapp_to_Wordpess_post/myenv/lib/python3.12/site-packages/starlette/middleware/errors.py", line 164, in __call__
    await self.app(scope, receive, _send)
  File "/home/ogier-derouineau/IT projects/whatsapp_to_Wordpess_post/myenv/lib/python3.12/site-packages/starlette/middleware/base.py", line 193, in __call__
    response = await self.dispatch_func(request, call_next)
               ^^^^^^^^^^^^^^^^^^^^^^^^^^^^^^^^^^^^^^^^^^^^
  File "/home/ogier-derouineau/IT projects/whatsapp_to_Wordpess_post/api_event_import.py", line 49, in log_requests
    response = await call_next(request)
               ^^^^^^^^^^^^^^^^^^^^^^^^
  File "/home/ogier-derouineau/IT projects/whatsapp_to_Wordpess_post/myenv/lib/python3.12/site-packages/starlette/middleware/base.py", line 168, in call_next
    raise app_exc from app_exc.__cause__ or app_exc.__context__
  File "/home/ogier-derouineau/IT projects/whatsapp_to_Wordpess_post/myenv/lib/python3.12/site-packages/starlette/middleware/base.py", line 144, in coro
    await self.app(scope, receive_or_disconnect, send_no_error)
  File "/home/ogier-derouineau/IT projects/whatsapp_to_Wordpess_post/myenv/lib/python3.12/site-packages/starlette/middleware/exceptions.py", line 63, in __call__
    await wrap_app_handling_exceptions(self.app, conn)(scope, receive, send)
  File "/home/ogier-derouineau/IT projects/whatsapp_to_Wordpess_post/myenv/lib/python3.12/site-packages/starlette/_exception_handler.py", line 53, in wrapped_app
    raise exc
  File "/home/ogier-derouineau/IT projects/whatsapp_to_Wordpess_post/myenv/lib/python3.12/site-packages/starlette/_exception_handler.py", line 42, in wrapped_app
    await app(scope, receive, sender)
  File "/home/ogier-derouineau/IT projects/whatsapp_to_Wordpess_post/myenv/lib/python3.12/site-packages/fastapi/middleware/asyncexitstack.py", line 18, in __call__
    await self.app(scope, receive, send)
  File "/home/ogier-derouineau/IT projects/whatsapp_to_Wordpess_post/myenv/lib/python3.12/site-packages/starlette/routing.py", line 660, in __call__
    await self.middleware_stack(scope, receive, send)
  File "/home/ogier-derouineau/IT projects/whatsapp_to_Wordpess_post/myenv/lib/python3.12/site-packages/starlette/routing.py", line 680, in app
    await route.handle(scope, receive, send)
  File "/home/ogier-derouineau/IT projects/whatsapp_to_Wordpess_post/myenv/lib/python3.12/site-packages/fastapi/routing.py", line 1220, in handle
    await super().handle(scope, receive, send)
  File "/home/ogier-derouineau/IT projects/whatsapp_to_Wordpess_post/myenv/lib/python3.12/site-packages/starlette/routing.py", line 276, in handle
    await self.app(scope, receive, send)
  File "/home/ogier-derouineau/IT projects/whatsapp_to_Wordpess_post/myenv/lib/python3.12/site-packages/fastapi/routing.py", line 143, in app
    await wrap_app_handling_exceptions(app, request)(scope, receive, send)
  File "/home/ogier-derouineau/IT projects/whatsapp_to_Wordpess_post/myenv/lib/python3.12/site-packages/starlette/_exception_handler.py", line 53, in wrapped_app
    raise exc
  File "/home/ogier-derouineau/IT projects/whatsapp_to_Wordpess_post/myenv/lib/python3.12/site-packages/starlette/_exception_handler.py", line 42, in wrapped_app
    await app(scope, receive, sender)
  File "/home/ogier-derouineau/IT projects/whatsapp_to_Wordpess_post/myenv/lib/python3.12/site-packages/fastapi/routing.py", line 129, in app
    response = await f(request)
               ^^^^^^^^^^^^^^^^
  File "/home/ogier-derouineau/IT projects/whatsapp_to_Wordpess_post/myenv/lib/python3.12/site-packages/fastapi/routing.py", line 683, in app
    raw_response = await run_endpoint_function(
                   ^^^^^^^^^^^^^^^^^^^^^^^^^^^^
  File "/home/ogier-derouineau/IT projects/whatsapp_to_Wordpess_post/myenv/lib/python3.12/site-packages/fastapi/routing.py", line 337, in run_endpoint_function
    return await dependant.call(**values)
           ^^^^^^^^^^^^^^^^^^^^^^^^^^^^^^
  File "/home/ogier-derouineau/IT projects/whatsapp_to_Wordpess_post/api_event_import.py", line 212, in import_event_post_from_zip
    body = await request.json()
           ^^^^^^^^^^^^^^^^^^^^
  File "/home/ogier-derouineau/IT projects/whatsapp_to_Wordpess_post/myenv/lib/python3.12/site-packages/starlette/requests.py", line 265, in json
    self._json = json.loads(body)
                 ^^^^^^^^^^^^^^^^
  File "/usr/lib/python3.12/json/__init__.py", line 346, in loads
    return _default_decoder.decode(s)
           ^^^^^^^^^^^^^^^^^^^^^^^^^^
  File "/usr/lib/python3.12/json/decoder.py", line 337, in decode
    obj, end = self.raw_decode(s, idx=_w(s, 0).end())
               ^^^^^^^^^^^^^^^^^^^^^^^^^^^^^^^^^^^^^^
  File "/usr/lib/python3.12/json/decoder.py", line 355, in raw_decode
    raise JSONDecodeError("Expecting value", s, err.value) from None
json.decoder.JSONDecodeError: Expecting value: line 1 column 1 (char 0)

